{"/Users/anikaszuppa/Sites/react_cv_2025/src/App.tsx": {"path":"/Users/anikaszuppa/Sites/react_cv_2025/src/App.tsx","all":false,"statementMap":{"0":{"start":{"line":1,"column":0},"end":{"line":1,"column":53}},"1":{"start":{"line":3,"column":0},"end":{"line":3,"column":26}},"2":{"start":{"line":4,"column":0},"end":{"line":4,"column":12}},"3":{"start":{"line":5,"column":0},"end":{"line":5,"column":22}},"4":{"start":{"line":6,"column":0},"end":{"line":6,"column":68}},"5":{"start":{"line":7,"column":0},"end":{"line":7,"column":23}},"6":{"start":{"line":9,"column":0},"end":{"line":9,"column":2}}},"s":{"0":2,"1":2,"2":2,"3":2,"4":2,"5":2,"6":2},"branchMap":{"0":{"type":"branch","line":3,"loc":{"start":{"line":3,"column":19},"end":{"line":9,"column":2}},"locations":[{"start":{"line":3,"column":19},"end":{"line":9,"column":2}}]}},"b":{"0":[2]},"fnMap":{"0":{"name":"App","decl":{"start":{"line":3,"column":19},"end":{"line":9,"column":2}},"loc":{"start":{"line":3,"column":19},"end":{"line":9,"column":2}},"line":3}},"f":{"0":2}}
,"/Users/anikaszuppa/Sites/react_cv_2025/src/main.tsx": {"path":"/Users/anikaszuppa/Sites/react_cv_2025/src/main.tsx","all":true,"statementMap":{"0":{"start":{"line":1,"column":0},"end":{"line":1,"column":35}},"1":{"start":{"line":2,"column":0},"end":{"line":2,"column":46}},"2":{"start":{"line":3,"column":0},"end":{"line":3,"column":23}},"3":{"start":{"line":4,"column":0},"end":{"line":4,"column":34}},"5":{"start":{"line":6,"column":0},"end":{"line":6,"column":52}},"6":{"start":{"line":7,"column":0},"end":{"line":7,"column":16}},"7":{"start":{"line":8,"column":0},"end":{"line":8,"column":15}},"8":{"start":{"line":9,"column":0},"end":{"line":9,"column":18}},"9":{"start":{"line":10,"column":0},"end":{"line":10,"column":2}}},"s":{"0":0,"1":0,"2":0,"3":0,"5":0,"6":0,"7":0,"8":0,"9":0},"branchMap":{"0":{"type":"branch","line":1,"loc":{"start":{"line":1,"column":221},"end":{"line":10,"column":-166}},"locations":[{"start":{"line":1,"column":221},"end":{"line":10,"column":-166}}]}},"b":{"0":[0]},"fnMap":{"0":{"name":"(empty-report)","decl":{"start":{"line":1,"column":221},"end":{"line":10,"column":-166}},"loc":{"start":{"line":1,"column":221},"end":{"line":10,"column":-166}},"line":1}},"f":{"0":0}}
,"/Users/anikaszuppa/Sites/react_cv_2025/src/Data/DataContext.ts": {"path":"/Users/anikaszuppa/Sites/react_cv_2025/src/Data/DataContext.ts","all":false,"statementMap":{"0":{"start":{"line":1,"column":0},"end":{"line":1,"column":38}},"1":{"start":{"line":4,"column":0},"end":{"line":4,"column":71}}},"s":{"0":2,"1":2},"branchMap":{},"b":{},"fnMap":{},"f":{}}
,"/Users/anikaszuppa/Sites/react_cv_2025/src/Data/DataProvider.tsx": {"path":"/Users/anikaszuppa/Sites/react_cv_2025/src/Data/DataProvider.tsx","all":false,"statementMap":{"0":{"start":{"line":1,"column":0},"end":{"line":1,"column":49}},"1":{"start":{"line":2,"column":0},"end":{"line":2,"column":51}},"2":{"start":{"line":5,"column":0},"end":{"line":5,"column":72}},"3":{"start":{"line":6,"column":0},"end":{"line":6,"column":71}},"4":{"start":{"line":7,"column":0},"end":{"line":7,"column":12}},"5":{"start":{"line":8,"column":0},"end":{"line":8,"column":63}},"6":{"start":{"line":9,"column":0},"end":{"line":9,"column":22}},"7":{"start":{"line":10,"column":0},"end":{"line":10,"column":31}},"8":{"start":{"line":12,"column":0},"end":{"line":12,"column":2}}},"s":{"0":2,"1":2,"2":2,"3":4,"4":4,"5":4,"6":4,"7":4,"8":4},"branchMap":{"0":{"type":"branch","line":5,"loc":{"start":{"line":5,"column":28},"end":{"line":12,"column":2}},"locations":[{"start":{"line":5,"column":28},"end":{"line":12,"column":2}}]}},"b":{"0":[4]},"fnMap":{"0":{"name":"DataProvider","decl":{"start":{"line":5,"column":28},"end":{"line":12,"column":2}},"loc":{"start":{"line":5,"column":28},"end":{"line":12,"column":2}},"line":5}},"f":{"0":4}}
,"/Users/anikaszuppa/Sites/react_cv_2025/src/Data/hooks/useData.ts": {"path":"/Users/anikaszuppa/Sites/react_cv_2025/src/Data/hooks/useData.ts","all":false,"statementMap":{"0":{"start":{"line":1,"column":0},"end":{"line":1,"column":44}},"1":{"start":{"line":7,"column":0},"end":{"line":7,"column":45}},"2":{"start":{"line":8,"column":0},"end":{"line":8,"column":60}},"3":{"start":{"line":9,"column":0},"end":{"line":9,"column":59}},"4":{"start":{"line":10,"column":0},"end":{"line":10,"column":49}},"5":{"start":{"line":12,"column":0},"end":{"line":12,"column":21}},"6":{"start":{"line":13,"column":0},"end":{"line":13,"column":39}},"7":{"start":{"line":14,"column":0},"end":{"line":14,"column":17}},"8":{"start":{"line":15,"column":0},"end":{"line":15,"column":54}},"9":{"start":{"line":17,"column":0},"end":{"line":17,"column":35}},"10":{"start":{"line":18,"column":0},"end":{"line":18,"column":32}},"11":{"start":{"line":19,"column":0},"end":{"line":19,"column":78}},"12":{"start":{"line":20,"column":0},"end":{"line":20,"column":22}},"13":{"start":{"line":21,"column":0},"end":{"line":21,"column":17}},"14":{"start":{"line":23,"column":0},"end":{"line":23,"column":59}},"15":{"start":{"line":25,"column":0},"end":{"line":25,"column":38}},"16":{"start":{"line":26,"column":0},"end":{"line":26,"column":27}},"17":{"start":{"line":27,"column":0},"end":{"line":27,"column":39}},"18":{"start":{"line":28,"column":0},"end":{"line":28,"column":23}},"19":{"start":{"line":29,"column":0},"end":{"line":29,"column":34}},"20":{"start":{"line":30,"column":0},"end":{"line":30,"column":13}},"21":{"start":{"line":31,"column":0},"end":{"line":31,"column":10}},"22":{"start":{"line":33,"column":0},"end":{"line":33,"column":20}},"23":{"start":{"line":34,"column":0},"end":{"line":34,"column":18}},"24":{"start":{"line":36,"column":0},"end":{"line":36,"column":36}},"25":{"start":{"line":37,"column":0},"end":{"line":37,"column":2}}},"s":{"0":2,"1":2,"2":12,"3":12,"4":12,"5":12,"6":6,"7":6,"8":6,"9":5,"10":1,"11":1,"12":1,"13":1,"14":3,"15":2,"16":6,"17":4,"18":6,"19":6,"20":6,"21":6,"22":6,"23":12,"24":12,"25":12},"branchMap":{"0":{"type":"branch","line":7,"loc":{"start":{"line":7,"column":23},"end":{"line":37,"column":2}},"locations":[{"start":{"line":7,"column":23},"end":{"line":37,"column":2}}]},"1":{"type":"branch","line":12,"loc":{"start":{"line":12,"column":14},"end":{"line":34,"column":7}},"locations":[{"start":{"line":12,"column":14},"end":{"line":34,"column":7}}]},"2":{"type":"branch","line":13,"loc":{"start":{"line":13,"column":26},"end":{"line":31,"column":10}},"locations":[{"start":{"line":13,"column":26},"end":{"line":31,"column":10}}]},"3":{"type":"branch","line":15,"loc":{"start":{"line":15,"column":52},"end":{"line":26,"column":21}},"locations":[{"start":{"line":15,"column":52},"end":{"line":26,"column":21}}]},"4":{"type":"branch","line":15,"loc":{"start":{"line":15,"column":52},"end":{"line":17,"column":34}},"locations":[{"start":{"line":15,"column":52},"end":{"line":17,"column":34}}]},"5":{"type":"branch","line":17,"loc":{"start":{"line":17,"column":34},"end":{"line":21,"column":17}},"locations":[{"start":{"line":17,"column":34},"end":{"line":21,"column":17}}]},"6":{"type":"branch","line":21,"loc":{"start":{"line":21,"column":16},"end":{"line":26,"column":21}},"locations":[{"start":{"line":21,"column":16},"end":{"line":26,"column":21}}]},"7":{"type":"branch","line":26,"loc":{"start":{"line":26,"column":12},"end":{"line":28,"column":14}},"locations":[{"start":{"line":26,"column":12},"end":{"line":28,"column":14}}]},"8":{"type":"branch","line":23,"loc":{"start":{"line":23,"column":57},"end":{"line":26,"column":21}},"locations":[{"start":{"line":23,"column":57},"end":{"line":26,"column":21}}]}},"b":{"0":[12],"1":[6],"2":[6],"3":[5],"4":[4],"5":[1],"6":[3],"7":[4],"8":[2]},"fnMap":{"0":{"name":"useData","decl":{"start":{"line":7,"column":23},"end":{"line":37,"column":2}},"loc":{"start":{"line":7,"column":23},"end":{"line":37,"column":2}},"line":7},"1":{"name":"fetchData","decl":{"start":{"line":13,"column":26},"end":{"line":31,"column":10}},"loc":{"start":{"line":13,"column":26},"end":{"line":31,"column":10}},"line":13}},"f":{"0":12,"1":6}}
,"/Users/anikaszuppa/Sites/react_cv_2025/src/Data/types/ContentData.ts": {"path":"/Users/anikaszuppa/Sites/react_cv_2025/src/Data/types/ContentData.ts","all":true,"statementMap":{},"s":{},"branchMap":{"0":{"type":"branch","line":1,"loc":{"start":{"line":1,"column":858},"end":{"line":43,"column":1}},"locations":[{"start":{"line":1,"column":858},"end":{"line":43,"column":1}}]}},"b":{"0":[1]},"fnMap":{"0":{"name":"(empty-report)","decl":{"start":{"line":1,"column":858},"end":{"line":43,"column":1}},"loc":{"start":{"line":1,"column":858},"end":{"line":43,"column":1}},"line":1}},"f":{"0":1}}
,"/Users/anikaszuppa/Sites/react_cv_2025/src/Data/types/DataContextType.ts": {"path":"/Users/anikaszuppa/Sites/react_cv_2025/src/Data/types/DataContextType.ts","all":true,"statementMap":{},"s":{},"branchMap":{"0":{"type":"branch","line":1,"loc":{"start":{"line":1,"column":255},"end":{"line":8,"column":2}},"locations":[{"start":{"line":1,"column":255},"end":{"line":8,"column":2}}]}},"b":{"0":[1]},"fnMap":{"0":{"name":"(empty-report)","decl":{"start":{"line":1,"column":255},"end":{"line":8,"column":2}},"loc":{"start":{"line":1,"column":255},"end":{"line":8,"column":2}},"line":1}},"f":{"0":1}}
,"/Users/anikaszuppa/Sites/react_cv_2025/src/Data/types/SectionsData.ts": {"path":"/Users/anikaszuppa/Sites/react_cv_2025/src/Data/types/SectionsData.ts","all":true,"statementMap":{},"s":{},"branchMap":{"0":{"type":"branch","line":1,"loc":{"start":{"line":1,"column":86},"end":{"line":5,"column":1}},"locations":[{"start":{"line":1,"column":86},"end":{"line":5,"column":1}}]}},"b":{"0":[1]},"fnMap":{"0":{"name":"(empty-report)","decl":{"start":{"line":1,"column":86},"end":{"line":5,"column":1}},"loc":{"start":{"line":1,"column":86},"end":{"line":5,"column":1}},"line":1}},"f":{"0":1}}
}
